2023-02-01 17:43:34,491 - root - DEBUG - Lumerical_dispersion.py - <module> - frequency: 299792458000000.0
2023-02-01 17:43:34,567 - root - DEBUG - Lumerical_dispersion.py - <module> - wavelength: 1e-06
2023-02-01 17:43:34,647 - root - DEBUG - Lumerical_dispersion.py - <module> - number of trial modes: 6.0
2023-02-01 17:43:34,723 - root - DEBUG - Lumerical_dispersion.py - <module> - center the spectrum: 1.0
2023-02-01 17:43:34,799 - root - DEBUG - Lumerical_dispersion.py - <module> - n: [[1.452+0.j]]
2023-02-01 17:43:34,876 - root - DEBUG - Lumerical_dispersion.py - <module> - solver algorithm: let solver choose
2023-02-01 17:43:34,956 - root - DEBUG - Lumerical_dispersion.py - <module> - convergence tolerance: 1e-09
2023-02-01 17:43:35,033 - root - DEBUG - Lumerical_dispersion.py - <module> - integrate: 2.0
2023-02-01 17:43:35,111 - root - DEBUG - Lumerical_dispersion.py - <module> - normalize to: 1.0
2023-02-01 17:43:35,191 - root - DEBUG - Lumerical_dispersion.py - <module> - x1: 0.0
2023-02-01 17:43:35,270 - root - DEBUG - Lumerical_dispersion.py - <module> - x2: 0.0
2023-02-01 17:43:35,349 - root - DEBUG - Lumerical_dispersion.py - <module> - y1: 0.0
2023-02-01 17:43:35,428 - root - DEBUG - Lumerical_dispersion.py - <module> - y2: 0.0
2023-02-01 17:43:35,506 - root - DEBUG - Lumerical_dispersion.py - <module> - z1: 0.0
2023-02-01 17:43:35,583 - root - DEBUG - Lumerical_dispersion.py - <module> - z2: 0.0
2023-02-01 17:43:35,661 - root - DEBUG - Lumerical_dispersion.py - <module> - fraction integrated: 0.0
2023-02-01 17:43:35,738 - root - DEBUG - Lumerical_dispersion.py - <module> - characteristic impedance: [[0.+0.j]]
2023-02-01 17:43:35,817 - root - DEBUG - Lumerical_dispersion.py - <module> - calculate impedance: 1.0
2023-02-01 17:43:35,895 - root - DEBUG - Lumerical_dispersion.py - <module> - material index: 1.4
2023-02-01 17:43:35,974 - root - DEBUG - Lumerical_dispersion.py - <module> - projection distance: 0.1830547945205478
2023-02-01 17:43:36,053 - root - DEBUG - Lumerical_dispersion.py - <module> - points in x: 50.0
2023-02-01 17:43:36,131 - root - DEBUG - Lumerical_dispersion.py - <module> - points in y: 50.0
2023-02-01 17:43:36,210 - root - DEBUG - Lumerical_dispersion.py - <module> - farfield x span: 0.0009099999999999996
2023-02-01 17:43:36,288 - root - DEBUG - Lumerical_dispersion.py - <module> - farfield y span: 0.0009205479452054784
2023-02-01 17:43:36,364 - root - DEBUG - Lumerical_dispersion.py - <module> - farfield x: 0.0
2023-02-01 17:43:36,443 - root - DEBUG - Lumerical_dispersion.py - <module> - farfield y: -3.7269449679189215e-20
2023-02-01 17:43:36,520 - root - DEBUG - Lumerical_dispersion.py - <module> - text file (column format): 1.0
2023-02-01 17:43:36,599 - root - DEBUG - Lumerical_dispersion.py - <module> - text file (standard format): 0.0
2023-02-01 17:43:36,677 - root - DEBUG - Lumerical_dispersion.py - <module> - matlab: 0.0
2023-02-01 17:43:36,755 - root - DEBUG - Lumerical_dispersion.py - <module> - ldf file: 0.0
2023-02-01 17:43:36,834 - root - DEBUG - Lumerical_dispersion.py - <module> - effective index data: 1.0
2023-02-01 17:43:36,913 - root - DEBUG - Lumerical_dispersion.py - <module> - material properties: 1.0
2023-02-01 17:43:36,991 - root - DEBUG - Lumerical_dispersion.py - <module> - selected modes: 1.0
2023-02-01 17:43:37,070 - root - INFO - Lumerical_dispersion.py - <module> - selected modes, far field approximate. **Unable to get values**
2023-02-01 17:43:37,147 - root - DEBUG - Lumerical_dispersion.py - <module> - selected modes, far field exact: 0.0
2023-02-01 17:43:37,228 - root - DEBUG - Lumerical_dispersion.py - <module> - start frequency: 299792458000000.0
2023-02-01 17:43:37,303 - root - DEBUG - Lumerical_dispersion.py - <module> - stop frequency: 285516626666666.7
2023-02-01 17:43:37,382 - root - DEBUG - Lumerical_dispersion.py - <module> - start wavelength: 1.05e-06
2023-02-01 17:43:37,462 - root - DEBUG - Lumerical_dispersion.py - <module> - stop wavelength: 1e-06
2023-02-01 17:43:37,540 - root - DEBUG - Lumerical_dispersion.py - <module> - number of points: 10.0
2023-02-01 17:43:37,619 - root - DEBUG - Lumerical_dispersion.py - <module> - number of test modes: 6.0
2023-02-01 17:43:37,698 - root - DEBUG - Lumerical_dispersion.py - <module> - effective index: 1.449868446360139
2023-02-01 17:43:37,775 - root - DEBUG - Lumerical_dispersion.py - <module> - use single precision: 0.0
2023-02-01 17:43:37,853 - root - DEBUG - Lumerical_dispersion.py - <module> - bent waveguide: 0.0
2023-02-01 17:43:37,931 - root - DEBUG - Lumerical_dispersion.py - <module> - bend radius: 0.005
2023-02-01 17:43:38,008 - root - DEBUG - Lumerical_dispersion.py - <module> - bend orientation: 0.0
2023-02-01 17:43:38,085 - root - DEBUG - Lumerical_dispersion.py - <module> - bend location: 0.0
2023-02-01 17:43:38,162 - root - DEBUG - Lumerical_dispersion.py - <module> - bend location x: 0.0
2023-02-01 17:43:38,242 - root - DEBUG - Lumerical_dispersion.py - <module> - bend location y: 0.0
2023-02-01 17:43:38,321 - root - DEBUG - Lumerical_dispersion.py - <module> - bend location z: 0.0
2023-02-01 17:43:38,399 - root - DEBUG - Lumerical_dispersion.py - <module> - helical waveguide: 0.0
2023-02-01 17:43:38,479 - root - DEBUG - Lumerical_dispersion.py - <module> - helix period: 0.1
2023-02-01 17:43:38,557 - root - DEBUG - Lumerical_dispersion.py - <module> - helix center x: 0.0
2023-02-01 17:43:38,634 - root - DEBUG - Lumerical_dispersion.py - <module> - helix center y: 0.0
2023-02-01 17:43:38,714 - root - DEBUG - Lumerical_dispersion.py - <module> - helix center z: 0.0
2023-02-01 17:43:38,793 - root - DEBUG - Lumerical_dispersion.py - <module> - detailed dispersion calculation: 1.0
2023-02-01 17:43:38,871 - root - DEBUG - Lumerical_dispersion.py - <module> - fractional wavelength offset for detailed dispersion calculation: 0.0001
2023-02-01 17:43:38,947 - root - DEBUG - Lumerical_dispersion.py - <module> - store mode profiles while tracking: 1.0
2023-02-01 17:43:39,026 - root - DEBUG - Lumerical_dispersion.py - <module> - track selected mode: 1.0
2023-02-01 17:43:39,104 - root - DEBUG - Lumerical_dispersion.py - <module> - automatically remove pml modes: 1.0
2023-02-01 17:43:39,184 - root - DEBUG - Lumerical_dispersion.py - <module> - threshold for pml mode removal: 0.01
2023-02-01 17:43:39,262 - root - DEBUG - Lumerical_dispersion.py - <module> - n1: 1.452
2023-02-01 17:43:39,340 - root - DEBUG - Lumerical_dispersion.py - <module> - n2: 1.4485000000000001
2023-02-01 17:43:39,419 - root - DEBUG - Lumerical_dispersion.py - <module> - maximum number of modes to store: 6.0
2023-02-01 17:43:39,497 - root - DEBUG - Lumerical_dispersion.py - <module> - selected modes, far field angular: 0.0
2023-02-01 17:43:39,576 - root - DEBUG - Lumerical_dispersion.py - <module> - integration shape: 1.0
2023-02-01 17:43:39,654 - root - DEBUG - Lumerical_dispersion.py - <module> - center x: 0.0
2023-02-01 17:43:39,733 - root - DEBUG - Lumerical_dispersion.py - <module> - center y: 0.0
2023-02-01 17:43:39,811 - root - DEBUG - Lumerical_dispersion.py - <module> - center z: 0.0
2023-02-01 17:43:39,889 - root - DEBUG - Lumerical_dispersion.py - <module> - radius: 0.0
2023-02-01 17:43:39,967 - root - DEBUG - Lumerical_dispersion.py - <module> - solid: 
2023-02-01 17:43:40,044 - root - DEBUG - Lumerical_dispersion.py - <module> - angle: 0.0
2023-02-01 17:43:40,124 - root - DEBUG - Lumerical_dispersion.py - <module> - search: near n
2023-02-01 17:43:40,200 - root - DEBUG - Lumerical_dispersion.py - <module> - projection method: 1.0
2023-02-01 17:43:40,278 - root - DEBUG - Lumerical_dispersion.py - <module> - shift d-card center: 0.0
2023-02-01 17:43:40,357 - root - DEBUG - Lumerical_dispersion.py - <module> - x shift: 0.0
2023-02-01 17:43:40,436 - root - DEBUG - Lumerical_dispersion.py - <module> - y shift: 0.0
2023-02-01 17:43:40,515 - root - DEBUG - Lumerical_dispersion.py - <module> - z shift: 0.0
2023-02-01 17:43:40,593 - root - DEBUG - Lumerical_dispersion.py - <module> - use max index: 1.0
2023-02-01 17:43:40,673 - root - DEBUG - Lumerical_dispersion.py - <module> - use fully vectorial thin lens beam profile: 0.0
2023-02-01 17:43:40,752 - root - DEBUG - Lumerical_dispersion.py - <module> - beam direction: 3.0
2023-02-01 17:43:40,831 - root - DEBUG - Lumerical_dispersion.py - <module> - NA: 0.6
2023-02-01 17:43:40,911 - root - DEBUG - Lumerical_dispersion.py - <module> - fill lens: 1.0
2023-02-01 17:43:40,988 - root - DEBUG - Lumerical_dispersion.py - <module> - lens diameter: 0.005
2023-02-01 17:43:41,067 - root - DEBUG - Lumerical_dispersion.py - <module> - beam diameter: 0.001
2023-02-01 17:43:41,145 - root - DEBUG - Lumerical_dispersion.py - <module> - number of plane waves: 200.0
2023-02-01 17:43:41,223 - root - DEBUG - Lumerical_dispersion.py - <module> - define gaussian beam by: 1.0
2023-02-01 17:43:41,301 - root - DEBUG - Lumerical_dispersion.py - <module> - waist radius: 1e-05
2023-02-01 17:43:41,380 - root - DEBUG - Lumerical_dispersion.py - <module> - distance from waist: 0.0
2023-02-01 17:43:41,459 - root - DEBUG - Lumerical_dispersion.py - <module> - beam radius: 0.09999999999999999
2023-02-01 17:43:41,538 - root - DEBUG - Lumerical_dispersion.py - <module> - divergence angle: 2.83063
2023-02-01 17:43:41,616 - root - DEBUG - Lumerical_dispersion.py - <module> - refractive index: 1.0
2023-02-01 17:43:41,696 - root - DEBUG - Lumerical_dispersion.py - <module> - theta: 0.0
2023-02-01 17:43:41,774 - root - DEBUG - Lumerical_dispersion.py - <module> - phi: 0.0
2023-02-01 17:43:41,853 - root - DEBUG - Lumerical_dispersion.py - <module> - polarization angle: 0.0
2023-02-01 17:43:41,931 - root - DEBUG - Lumerical_dispersion.py - <module> - sample span: 1e-05
2023-02-01 17:43:42,009 - root - DEBUG - Lumerical_dispersion.py - <module> - sample resolution: 200.0
2023-02-01 17:43:42,086 - root - DEBUG - Lumerical_dispersion.py - <module> - track current mode: 0.0
2023-02-01 17:43:42,165 - root - DEBUG - Lumerical_dispersion.py - <module> - correct backward propagating modes: 1.0
2023-02-01 17:43:42,244 - root - DEBUG - Lumerical_dispersion.py - <module> - correct backward propagating modes when pml is present: 0.0
2023-02-01 17:43:42,323 - root - DEBUG - Lumerical_dispersion.py - <module> - maximum tolerated gain: 1e-12
2023-02-01 17:43:42,401 - root - DEBUG - Lumerical_dispersion.py - <module> - add material gain to maximum tolerated gain: 1.0
2023-02-01 17:43:42,479 - root - DEBUG - Lumerical_dispersion.py - <module> - override default boundaries: 0.0
2023-02-01 17:43:42,555 - root - DEBUG - Lumerical_dispersion.py - <module> - x min bc: Metal
2023-02-01 17:43:42,634 - root - DEBUG - Lumerical_dispersion.py - <module> - x max bc: Metal
2023-02-01 17:43:42,712 - root - DEBUG - Lumerical_dispersion.py - <module> - y min bc: Metal
2023-02-01 17:43:42,790 - root - DEBUG - Lumerical_dispersion.py - <module> - y max bc: Metal
2023-02-01 17:43:42,868 - root - DEBUG - Lumerical_dispersion.py - <module> - z min bc: Metal
2023-02-01 17:43:42,947 - root - DEBUG - Lumerical_dispersion.py - <module> - z max bc: Metal
2023-02-01 17:43:43,026 - root - DEBUG - Lumerical_dispersion.py - <module> - calculate group index: 1.0
2023-02-01 17:43:43,127 - root - DEBUG - Lumerical_dispersion.py - set_lumerical_named_parameter - Setting named parameter core,radius: 4.15e-06
2023-02-01 17:43:43,198 - root - DEBUG - Lumerical_dispersion.py - set_lumerical_named_parameter - Setting named parameter ring,inner radius: 9.96e-06
2023-02-01 17:43:43,275 - root - DEBUG - Lumerical_dispersion.py - set_lumerical_named_parameter - Setting named parameter ring,outer radius: 1.4940000000000001e-05
2023-02-01 17:43:43,353 - root - DEBUG - Lumerical_dispersion.py - set_lumerical_analysis_parameter - Setting analysis parameter maximum number of modes to store: 6
2023-02-01 17:43:43,433 - root - DEBUG - Lumerical_dispersion.py - set_lumerical_analysis_parameter - Setting analysis parameter search: in range
2023-02-01 17:43:43,510 - root - DEBUG - Lumerical_dispersion.py - set_lumerical_analysis_parameter - Setting analysis parameter convergence tolerance: 1e-12
2023-02-01 17:43:43,694 - root - DEBUG - Lumerical_dispersion.py - set_lumerical_named_parameter - Setting named parameter clad,index: 1.4533172548587419
2023-02-01 17:43:43,773 - root - DEBUG - Lumerical_dispersion.py - set_lumerical_named_parameter - Setting named parameter core,index: 1.4553172548587419
2023-02-01 17:43:43,852 - root - DEBUG - Lumerical_dispersion.py - set_lumerical_named_parameter - Setting named parameter ring,index: 1.448317254858742
2023-02-01 17:43:43,930 - root - DEBUG - Lumerical_dispersion.py - set_lumerical_analysis_parameter - Setting analysis parameter wavelength: 8e-07
2023-02-01 17:43:44,009 - root - DEBUG - Lumerical_dispersion.py - set_lumerical_analysis_parameter - Setting analysis parameter n1: 1.4553172548587419
2023-02-01 17:43:44,086 - root - DEBUG - Lumerical_dispersion.py - set_lumerical_analysis_parameter - Setting analysis parameter n2: 1.4513172548587419
2023-02-01 17:43:44,166 - root - DEBUG - Lumerical_dispersion.py - set_lumerical_analysis_parameter - Setting analysis parameter bent waveguide: 0
