2023-02-03 15:29:10,226 - root - DEBUG - Lumerical_Analysis.py - <module> - frequency: 374740572500000.0
2023-02-03 15:29:10,304 - root - DEBUG - Lumerical_Analysis.py - <module> - wavelength: 8e-07
2023-02-03 15:29:10,382 - root - DEBUG - Lumerical_Analysis.py - <module> - number of trial modes: 6.0
2023-02-03 15:29:10,463 - root - DEBUG - Lumerical_Analysis.py - <module> - center the spectrum: 1.0
2023-02-03 15:29:10,538 - root - DEBUG - Lumerical_Analysis.py - <module> - n: [[1.452+0.j]]
2023-02-03 15:29:10,616 - root - DEBUG - Lumerical_Analysis.py - <module> - solver algorithm: let solver choose
2023-02-03 15:29:10,694 - root - DEBUG - Lumerical_Analysis.py - <module> - convergence tolerance: 1e-09
2023-02-03 15:29:10,774 - root - DEBUG - Lumerical_Analysis.py - <module> - integrate: 2.0
2023-02-03 15:29:10,913 - root - DEBUG - Lumerical_Analysis.py - <module> - normalize to: 1.0
2023-02-03 15:29:11,006 - root - DEBUG - Lumerical_Analysis.py - <module> - x1: 0.0
2023-02-03 15:29:11,100 - root - DEBUG - Lumerical_Analysis.py - <module> - x2: 0.0
2023-02-03 15:29:11,178 - root - DEBUG - Lumerical_Analysis.py - <module> - y1: 0.0
2023-02-03 15:29:11,255 - root - DEBUG - Lumerical_Analysis.py - <module> - y2: 0.0
2023-02-03 15:29:11,490 - root - DEBUG - Lumerical_Analysis.py - <module> - z1: 0.0
2023-02-03 15:29:11,566 - root - DEBUG - Lumerical_Analysis.py - <module> - z2: 0.0
2023-02-03 15:29:11,645 - root - DEBUG - Lumerical_Analysis.py - <module> - fraction integrated: 0.0
2023-02-03 15:29:11,722 - root - DEBUG - Lumerical_Analysis.py - <module> - characteristic impedance: [[0.+0.j]]
2023-02-03 15:29:11,813 - root - DEBUG - Lumerical_Analysis.py - <module> - calculate impedance: 1.0
2023-02-03 15:29:11,892 - root - DEBUG - Lumerical_Analysis.py - <module> - material index: 1.4
2023-02-03 15:29:11,986 - root - DEBUG - Lumerical_Analysis.py - <module> - projection distance: 0.1830547945205478
2023-02-03 15:29:12,079 - root - DEBUG - Lumerical_Analysis.py - <module> - points in x: 50.0
2023-02-03 15:29:12,157 - root - DEBUG - Lumerical_Analysis.py - <module> - points in y: 50.0
2023-02-03 15:29:12,233 - root - DEBUG - Lumerical_Analysis.py - <module> - farfield x span: 0.0009099999999999996
2023-02-03 15:29:12,312 - root - DEBUG - Lumerical_Analysis.py - <module> - farfield y span: 0.0009205479452054784
2023-02-03 15:29:12,391 - root - DEBUG - Lumerical_Analysis.py - <module> - farfield x: 0.0
2023-02-03 15:29:12,468 - root - DEBUG - Lumerical_Analysis.py - <module> - farfield y: -3.7269449679189215e-20
2023-02-03 15:29:12,547 - root - DEBUG - Lumerical_Analysis.py - <module> - text file (column format): 1.0
2023-02-03 15:29:12,624 - root - DEBUG - Lumerical_Analysis.py - <module> - text file (standard format): 0.0
2023-02-03 15:29:12,703 - root - DEBUG - Lumerical_Analysis.py - <module> - matlab: 0.0
2023-02-03 15:29:12,783 - root - DEBUG - Lumerical_Analysis.py - <module> - ldf file: 0.0
2023-02-03 15:29:12,859 - root - DEBUG - Lumerical_Analysis.py - <module> - effective index data: 1.0
2023-02-03 15:29:12,938 - root - DEBUG - Lumerical_Analysis.py - <module> - material properties: 1.0
2023-02-03 15:29:13,017 - root - DEBUG - Lumerical_Analysis.py - <module> - selected modes: 1.0
2023-02-03 15:29:13,096 - root - INFO - Lumerical_Analysis.py - <module> - selected modes, far field approximate. **Unable to get values**
2023-02-03 15:29:13,188 - root - DEBUG - Lumerical_Analysis.py - <module> - selected modes, far field exact: 0.0
2023-02-03 15:29:13,266 - root - DEBUG - Lumerical_Analysis.py - <module> - start frequency: 299792458000000.0
2023-02-03 15:29:13,346 - root - DEBUG - Lumerical_Analysis.py - <module> - stop frequency: 285516626666666.7
2023-02-03 15:29:13,425 - root - DEBUG - Lumerical_Analysis.py - <module> - start wavelength: 1.05e-06
2023-02-03 15:29:13,507 - root - DEBUG - Lumerical_Analysis.py - <module> - stop wavelength: 1e-06
2023-02-03 15:29:13,582 - root - DEBUG - Lumerical_Analysis.py - <module> - number of points: 10.0
2023-02-03 15:29:13,659 - root - DEBUG - Lumerical_Analysis.py - <module> - number of test modes: 6.0
2023-02-03 15:29:13,738 - root - DEBUG - Lumerical_Analysis.py - <module> - effective index: 1.449868446360139
2023-02-03 15:29:13,817 - root - DEBUG - Lumerical_Analysis.py - <module> - use single precision: 0.0
2023-02-03 15:29:13,894 - root - DEBUG - Lumerical_Analysis.py - <module> - bent waveguide: 0.0
2023-02-03 15:29:13,974 - root - DEBUG - Lumerical_Analysis.py - <module> - bend radius: 0.005
2023-02-03 15:29:14,052 - root - DEBUG - Lumerical_Analysis.py - <module> - bend orientation: 0.0
2023-02-03 15:29:14,130 - root - DEBUG - Lumerical_Analysis.py - <module> - bend location: 0.0
2023-02-03 15:29:14,209 - root - DEBUG - Lumerical_Analysis.py - <module> - bend location x: 0.0
2023-02-03 15:29:14,288 - root - DEBUG - Lumerical_Analysis.py - <module> - bend location y: 0.0
2023-02-03 15:29:14,366 - root - DEBUG - Lumerical_Analysis.py - <module> - bend location z: 0.0
2023-02-03 15:29:14,444 - root - DEBUG - Lumerical_Analysis.py - <module> - helical waveguide: 0.0
2023-02-03 15:29:14,520 - root - DEBUG - Lumerical_Analysis.py - <module> - helix period: 0.1
2023-02-03 15:29:14,601 - root - DEBUG - Lumerical_Analysis.py - <module> - helix center x: 0.0
2023-02-03 15:29:14,677 - root - DEBUG - Lumerical_Analysis.py - <module> - helix center y: 0.0
2023-02-03 15:29:14,757 - root - DEBUG - Lumerical_Analysis.py - <module> - helix center z: 0.0
2023-02-03 15:29:14,835 - root - DEBUG - Lumerical_Analysis.py - <module> - detailed dispersion calculation: 1.0
2023-02-03 15:29:14,910 - root - DEBUG - Lumerical_Analysis.py - <module> - fractional wavelength offset for detailed dispersion calculation: 0.0001
2023-02-03 15:29:14,987 - root - DEBUG - Lumerical_Analysis.py - <module> - store mode profiles while tracking: 1.0
2023-02-03 15:29:15,065 - root - DEBUG - Lumerical_Analysis.py - <module> - track selected mode: 1.0
2023-02-03 15:29:15,143 - root - DEBUG - Lumerical_Analysis.py - <module> - automatically remove pml modes: 1.0
2023-02-03 15:29:15,222 - root - DEBUG - Lumerical_Analysis.py - <module> - threshold for pml mode removal: 0.01
2023-02-03 15:29:15,301 - root - DEBUG - Lumerical_Analysis.py - <module> - n1: 1.452
2023-02-03 15:29:15,379 - root - DEBUG - Lumerical_Analysis.py - <module> - n2: 1.4485000000000001
2023-02-03 15:29:15,458 - root - DEBUG - Lumerical_Analysis.py - <module> - maximum number of modes to store: 6.0
2023-02-03 15:29:15,535 - root - DEBUG - Lumerical_Analysis.py - <module> - selected modes, far field angular: 0.0
2023-02-03 15:29:15,615 - root - DEBUG - Lumerical_Analysis.py - <module> - integration shape: 1.0
2023-02-03 15:29:15,693 - root - DEBUG - Lumerical_Analysis.py - <module> - center x: 0.0
2023-02-03 15:29:15,771 - root - DEBUG - Lumerical_Analysis.py - <module> - center y: 0.0
2023-02-03 15:29:15,848 - root - DEBUG - Lumerical_Analysis.py - <module> - center z: 0.0
2023-02-03 15:29:15,925 - root - DEBUG - Lumerical_Analysis.py - <module> - radius: 0.0
2023-02-03 15:29:16,004 - root - DEBUG - Lumerical_Analysis.py - <module> - solid: 
2023-02-03 15:29:16,083 - root - DEBUG - Lumerical_Analysis.py - <module> - angle: 0.0
2023-02-03 15:29:16,162 - root - DEBUG - Lumerical_Analysis.py - <module> - search: near n
2023-02-03 15:29:16,238 - root - DEBUG - Lumerical_Analysis.py - <module> - projection method: 1.0
2023-02-03 15:29:16,316 - root - DEBUG - Lumerical_Analysis.py - <module> - shift d-card center: 0.0
2023-02-03 15:29:16,396 - root - DEBUG - Lumerical_Analysis.py - <module> - x shift: 0.0
2023-02-03 15:29:16,473 - root - DEBUG - Lumerical_Analysis.py - <module> - y shift: 0.0
2023-02-03 15:29:16,550 - root - DEBUG - Lumerical_Analysis.py - <module> - z shift: 0.0
2023-02-03 15:29:16,629 - root - DEBUG - Lumerical_Analysis.py - <module> - use max index: 1.0
2023-02-03 15:29:16,708 - root - DEBUG - Lumerical_Analysis.py - <module> - use fully vectorial thin lens beam profile: 0.0
2023-02-03 15:29:16,785 - root - DEBUG - Lumerical_Analysis.py - <module> - beam direction: 3.0
2023-02-03 15:29:16,863 - root - DEBUG - Lumerical_Analysis.py - <module> - NA: 0.6
2023-02-03 15:29:16,941 - root - DEBUG - Lumerical_Analysis.py - <module> - fill lens: 1.0
2023-02-03 15:29:17,020 - root - DEBUG - Lumerical_Analysis.py - <module> - lens diameter: 0.005
2023-02-03 15:29:17,097 - root - DEBUG - Lumerical_Analysis.py - <module> - beam diameter: 0.001
2023-02-03 15:29:17,175 - root - DEBUG - Lumerical_Analysis.py - <module> - number of plane waves: 200.0
2023-02-03 15:29:17,254 - root - DEBUG - Lumerical_Analysis.py - <module> - define gaussian beam by: 1.0
2023-02-03 15:29:17,332 - root - DEBUG - Lumerical_Analysis.py - <module> - waist radius: 1e-05
2023-02-03 15:29:17,408 - root - DEBUG - Lumerical_Analysis.py - <module> - distance from waist: 0.0
2023-02-03 15:29:17,487 - root - DEBUG - Lumerical_Analysis.py - <module> - beam radius: 0.09999999999999999
2023-02-03 15:29:17,565 - root - DEBUG - Lumerical_Analysis.py - <module> - divergence angle: 2.83063
2023-02-03 15:29:17,645 - root - DEBUG - Lumerical_Analysis.py - <module> - refractive index: 1.0
2023-02-03 15:29:17,722 - root - DEBUG - Lumerical_Analysis.py - <module> - theta: 0.0
2023-02-03 15:29:17,799 - root - DEBUG - Lumerical_Analysis.py - <module> - phi: 0.0
2023-02-03 15:29:17,877 - root - DEBUG - Lumerical_Analysis.py - <module> - polarization angle: 0.0
2023-02-03 15:29:17,955 - root - DEBUG - Lumerical_Analysis.py - <module> - sample span: 1e-05
2023-02-03 15:29:18,033 - root - DEBUG - Lumerical_Analysis.py - <module> - sample resolution: 200.0
2023-02-03 15:29:18,110 - root - DEBUG - Lumerical_Analysis.py - <module> - track current mode: 0.0
2023-02-03 15:29:18,190 - root - DEBUG - Lumerical_Analysis.py - <module> - correct backward propagating modes: 1.0
2023-02-03 15:29:18,268 - root - DEBUG - Lumerical_Analysis.py - <module> - correct backward propagating modes when pml is present: 0.0
2023-02-03 15:29:18,345 - root - DEBUG - Lumerical_Analysis.py - <module> - maximum tolerated gain: 1e-12
2023-02-03 15:29:18,424 - root - DEBUG - Lumerical_Analysis.py - <module> - add material gain to maximum tolerated gain: 1.0
2023-02-03 15:29:18,503 - root - DEBUG - Lumerical_Analysis.py - <module> - override default boundaries: 0.0
2023-02-03 15:29:18,580 - root - DEBUG - Lumerical_Analysis.py - <module> - x min bc: Metal
2023-02-03 15:29:18,659 - root - DEBUG - Lumerical_Analysis.py - <module> - x max bc: Metal
2023-02-03 15:29:18,736 - root - DEBUG - Lumerical_Analysis.py - <module> - y min bc: Metal
2023-02-03 15:29:18,814 - root - DEBUG - Lumerical_Analysis.py - <module> - y max bc: Metal
2023-02-03 15:29:18,892 - root - DEBUG - Lumerical_Analysis.py - <module> - z min bc: Metal
2023-02-03 15:29:18,972 - root - DEBUG - Lumerical_Analysis.py - <module> - z max bc: Metal
2023-02-03 15:29:19,049 - root - DEBUG - Lumerical_Analysis.py - <module> - calculate group index: 1.0
2023-02-03 15:29:19,154 - root - DEBUG - Lumerical_Analysis.py - set_lumerical_named_parameter - Setting named parameter core,radius: 4.15e-06
2023-02-03 15:29:19,222 - root - DEBUG - Lumerical_Analysis.py - set_lumerical_named_parameter - Setting named parameter ring,inner radius: 9.96e-06
2023-02-03 15:29:19,299 - root - DEBUG - Lumerical_Analysis.py - set_lumerical_named_parameter - Setting named parameter ring,outer radius: 1.4940000000000001e-05
2023-02-03 15:29:19,377 - root - DEBUG - Lumerical_Analysis.py - set_lumerical_analysis_parameter - Setting analysis parameter maximum number of modes to store: 6
2023-02-03 15:29:19,457 - root - DEBUG - Lumerical_Analysis.py - set_lumerical_analysis_parameter - Setting analysis parameter search: in range
2023-02-03 15:29:19,535 - root - DEBUG - Lumerical_Analysis.py - set_lumerical_analysis_parameter - Setting analysis parameter convergence tolerance: 1e-12
2023-02-03 15:29:19,722 - root - DEBUG - Lumerical_Analysis.py - set_lumerical_named_parameter - Setting named parameter clad,index: 1.4533172548587419
2023-02-03 15:29:19,800 - root - DEBUG - Lumerical_Analysis.py - set_lumerical_named_parameter - Setting named parameter core,index: 1.4553172548587419
2023-02-03 15:29:19,878 - root - DEBUG - Lumerical_Analysis.py - set_lumerical_named_parameter - Setting named parameter ring,index: 1.448317254858742
2023-02-03 15:29:19,955 - root - DEBUG - Lumerical_Analysis.py - set_lumerical_named_parameter - Setting named parameter small_ring,index: 1.448317254858742
2023-02-03 15:29:20,031 - root - DEBUG - Lumerical_Analysis.py - <module> - Set n to 1.4533172548587419, for wavelength 800nm
2023-02-03 15:29:20,032 - root - DEBUG - Lumerical_Analysis.py - set_lumerical_analysis_parameter - Setting analysis parameter wavelength: 8e-07
2023-02-03 15:29:20,111 - root - DEBUG - Lumerical_Analysis.py - set_lumerical_analysis_parameter - Setting analysis parameter n1: 1.4553172548587419
2023-02-03 15:29:20,188 - root - DEBUG - Lumerical_Analysis.py - set_lumerical_analysis_parameter - Setting analysis parameter n2: 1.4513172548587419
2023-02-03 15:29:20,266 - root - DEBUG - Lumerical_Analysis.py - set_lumerical_analysis_parameter - Setting analysis parameter bent waveguide: 0
2023-02-03 15:29:20,346 - root - INFO - Lumerical_Analysis.py - <module> - Finding Modes for wavelength:800nm, and bending radius: 0.0mm
2023-02-03 15:35:55,785 - root - DEBUG - Lumerical_Analysis.py - set_lumerical_analysis_parameter - Setting analysis parameter wavelength: 8e-07
2023-02-03 15:35:55,916 - root - DEBUG - Lumerical_Analysis.py - set_lumerical_analysis_parameter - Setting analysis parameter n1: 1.4553172548587419
2023-02-03 15:35:56,016 - root - DEBUG - Lumerical_Analysis.py - set_lumerical_analysis_parameter - Setting analysis parameter n2: 1.4513172548587419
2023-02-03 15:35:56,116 - root - DEBUG - Lumerical_Analysis.py - set_lumerical_analysis_parameter - Setting analysis parameter bent waveguide: 1
2023-02-03 15:35:56,217 - root - DEBUG - Lumerical_Analysis.py - set_lumerical_analysis_parameter - Setting analysis parameter bend radius: 0.1
2023-02-03 15:35:56,315 - root - INFO - Lumerical_Analysis.py - <module> - Finding Modes for wavelength:800nm, and bending radius: 100.0mm
2023-02-03 15:37:29,074 - root - DEBUG - Lumerical_Analysis.py - set_lumerical_analysis_parameter - Setting analysis parameter wavelength: 8e-07
2023-02-03 15:37:29,172 - root - DEBUG - Lumerical_Analysis.py - set_lumerical_analysis_parameter - Setting analysis parameter n1: 1.4553172548587419
2023-02-03 15:37:29,271 - root - DEBUG - Lumerical_Analysis.py - set_lumerical_analysis_parameter - Setting analysis parameter n2: 1.4513172548587419
2023-02-03 15:37:29,372 - root - DEBUG - Lumerical_Analysis.py - set_lumerical_analysis_parameter - Setting analysis parameter bent waveguide: 1
2023-02-03 15:37:29,439 - root - DEBUG - Lumerical_Analysis.py - set_lumerical_analysis_parameter - Setting analysis parameter bend radius: 0.05
2023-02-03 15:37:29,538 - root - INFO - Lumerical_Analysis.py - <module> - Finding Modes for wavelength:800nm, and bending radius: 50.0mm
2023-02-03 15:44:40,143 - root - DEBUG - Lumerical_Analysis.py - set_lumerical_analysis_parameter - Setting analysis parameter wavelength: 8e-07
2023-02-03 15:44:40,241 - root - DEBUG - Lumerical_Analysis.py - set_lumerical_analysis_parameter - Setting analysis parameter n1: 1.4553172548587419
2023-02-03 15:44:40,343 - root - DEBUG - Lumerical_Analysis.py - set_lumerical_analysis_parameter - Setting analysis parameter n2: 1.4513172548587419
2023-02-03 15:44:40,442 - root - DEBUG - Lumerical_Analysis.py - set_lumerical_analysis_parameter - Setting analysis parameter bent waveguide: 1
2023-02-03 15:44:40,542 - root - DEBUG - Lumerical_Analysis.py - set_lumerical_analysis_parameter - Setting analysis parameter bend radius: 0.025
2023-02-03 15:44:40,642 - root - INFO - Lumerical_Analysis.py - <module> - Finding Modes for wavelength:800nm, and bending radius: 25.0mm
2023-02-03 15:50:35,295 - root - DEBUG - Lumerical_Analysis.py - set_lumerical_analysis_parameter - Setting analysis parameter wavelength: 8e-07
2023-02-03 15:50:35,394 - root - DEBUG - Lumerical_Analysis.py - set_lumerical_analysis_parameter - Setting analysis parameter n1: 1.4553172548587419
2023-02-03 15:50:35,494 - root - DEBUG - Lumerical_Analysis.py - set_lumerical_analysis_parameter - Setting analysis parameter n2: 1.4513172548587419
2023-02-03 15:50:35,627 - root - DEBUG - Lumerical_Analysis.py - set_lumerical_analysis_parameter - Setting analysis parameter bent waveguide: 1
2023-02-03 15:50:35,727 - root - DEBUG - Lumerical_Analysis.py - set_lumerical_analysis_parameter - Setting analysis parameter bend radius: 0.01
2023-02-03 15:50:35,860 - root - INFO - Lumerical_Analysis.py - <module> - Finding Modes for wavelength:800nm, and bending radius: 10.0mm
2023-02-03 15:57:29,762 - root - DEBUG - Lumerical_Analysis.py - set_lumerical_named_parameter - Setting named parameter clad,index: 1.4524982860552091
2023-02-03 15:57:29,863 - root - DEBUG - Lumerical_Analysis.py - set_lumerical_named_parameter - Setting named parameter core,index: 1.4544982860552091
2023-02-03 15:57:29,941 - root - DEBUG - Lumerical_Analysis.py - set_lumerical_named_parameter - Setting named parameter ring,index: 1.4474982860552092
2023-02-03 15:57:30,019 - root - DEBUG - Lumerical_Analysis.py - set_lumerical_named_parameter - Setting named parameter small_ring,index: 1.4474982860552092
2023-02-03 15:57:30,096 - root - DEBUG - Lumerical_Analysis.py - <module> - Set n to 1.4524982860552091, for wavelength 850nm
2023-02-03 15:57:30,097 - root - DEBUG - Lumerical_Analysis.py - set_lumerical_analysis_parameter - Setting analysis parameter wavelength: 8.5e-07
2023-02-03 15:57:30,189 - root - DEBUG - Lumerical_Analysis.py - set_lumerical_analysis_parameter - Setting analysis parameter n1: 1.4544982860552091
2023-02-03 15:57:30,262 - root - DEBUG - Lumerical_Analysis.py - set_lumerical_analysis_parameter - Setting analysis parameter n2: 1.4504982860552091
2023-02-03 15:57:30,361 - root - DEBUG - Lumerical_Analysis.py - set_lumerical_analysis_parameter - Setting analysis parameter bent waveguide: 0
2023-02-03 15:57:30,495 - root - INFO - Lumerical_Analysis.py - <module> - Finding Modes for wavelength:850nm, and bending radius: 0.0mm
2023-02-03 16:11:24,795 - root - DEBUG - Lumerical_Analysis.py - set_lumerical_analysis_parameter - Setting analysis parameter wavelength: 8.5e-07
2023-02-03 16:11:24,895 - root - DEBUG - Lumerical_Analysis.py - set_lumerical_analysis_parameter - Setting analysis parameter n1: 1.4544982860552091
2023-02-03 16:11:24,994 - root - DEBUG - Lumerical_Analysis.py - set_lumerical_analysis_parameter - Setting analysis parameter n2: 1.4504982860552091
2023-02-03 16:11:25,127 - root - DEBUG - Lumerical_Analysis.py - set_lumerical_analysis_parameter - Setting analysis parameter bent waveguide: 1
2023-02-03 16:11:25,228 - root - DEBUG - Lumerical_Analysis.py - set_lumerical_analysis_parameter - Setting analysis parameter bend radius: 0.1
2023-02-03 16:11:25,361 - root - INFO - Lumerical_Analysis.py - <module> - Finding Modes for wavelength:850nm, and bending radius: 100.0mm
2023-02-03 16:13:07,054 - root - DEBUG - Lumerical_Analysis.py - set_lumerical_analysis_parameter - Setting analysis parameter wavelength: 8.5e-07
2023-02-03 16:13:07,152 - root - DEBUG - Lumerical_Analysis.py - set_lumerical_analysis_parameter - Setting analysis parameter n1: 1.4544982860552091
2023-02-03 16:13:07,252 - root - DEBUG - Lumerical_Analysis.py - set_lumerical_analysis_parameter - Setting analysis parameter n2: 1.4504982860552091
2023-02-03 16:13:07,352 - root - DEBUG - Lumerical_Analysis.py - set_lumerical_analysis_parameter - Setting analysis parameter bent waveguide: 1
2023-02-03 16:13:07,452 - root - DEBUG - Lumerical_Analysis.py - set_lumerical_analysis_parameter - Setting analysis parameter bend radius: 0.05
2023-02-03 16:13:07,519 - root - INFO - Lumerical_Analysis.py - <module> - Finding Modes for wavelength:850nm, and bending radius: 50.0mm
2023-02-03 16:17:28,649 - root - DEBUG - Lumerical_Analysis.py - set_lumerical_analysis_parameter - Setting analysis parameter wavelength: 8.5e-07
2023-02-03 16:17:28,749 - root - DEBUG - Lumerical_Analysis.py - set_lumerical_analysis_parameter - Setting analysis parameter n1: 1.4544982860552091
2023-02-03 16:17:28,849 - root - DEBUG - Lumerical_Analysis.py - set_lumerical_analysis_parameter - Setting analysis parameter n2: 1.4504982860552091
2023-02-03 16:17:28,949 - root - DEBUG - Lumerical_Analysis.py - set_lumerical_analysis_parameter - Setting analysis parameter bent waveguide: 1
2023-02-03 16:17:29,049 - root - DEBUG - Lumerical_Analysis.py - set_lumerical_analysis_parameter - Setting analysis parameter bend radius: 0.025
2023-02-03 16:17:29,149 - root - INFO - Lumerical_Analysis.py - <module> - Finding Modes for wavelength:850nm, and bending radius: 25.0mm
2023-02-03 16:26:20,945 - root - DEBUG - Lumerical_Analysis.py - set_lumerical_analysis_parameter - Setting analysis parameter wavelength: 8.5e-07
2023-02-03 16:26:21,043 - root - DEBUG - Lumerical_Analysis.py - set_lumerical_analysis_parameter - Setting analysis parameter n1: 1.4544982860552091
2023-02-03 16:26:21,144 - root - DEBUG - Lumerical_Analysis.py - set_lumerical_analysis_parameter - Setting analysis parameter n2: 1.4504982860552091
2023-02-03 16:26:21,243 - root - DEBUG - Lumerical_Analysis.py - set_lumerical_analysis_parameter - Setting analysis parameter bent waveguide: 1
2023-02-03 16:26:21,344 - root - DEBUG - Lumerical_Analysis.py - set_lumerical_analysis_parameter - Setting analysis parameter bend radius: 0.01
2023-02-03 16:26:21,444 - root - INFO - Lumerical_Analysis.py - <module> - Finding Modes for wavelength:850nm, and bending radius: 10.0mm
2023-02-03 16:32:52,205 - root - DEBUG - Lumerical_Analysis.py - set_lumerical_named_parameter - Setting named parameter clad,index: 1.4517539550240655
2023-02-03 16:32:52,305 - root - DEBUG - Lumerical_Analysis.py - set_lumerical_named_parameter - Setting named parameter core,index: 1.4537539550240655
2023-02-03 16:32:52,375 - root - DEBUG - Lumerical_Analysis.py - set_lumerical_named_parameter - Setting named parameter ring,index: 1.4467539550240656
2023-02-03 16:32:52,452 - root - DEBUG - Lumerical_Analysis.py - set_lumerical_named_parameter - Setting named parameter small_ring,index: 1.4467539550240656
2023-02-03 16:32:52,531 - root - DEBUG - Lumerical_Analysis.py - <module> - Set n to 1.4517539550240655, for wavelength 900nm
2023-02-03 16:32:52,531 - root - DEBUG - Lumerical_Analysis.py - set_lumerical_analysis_parameter - Setting analysis parameter wavelength: 9e-07
2023-02-03 16:32:52,620 - root - DEBUG - Lumerical_Analysis.py - set_lumerical_analysis_parameter - Setting analysis parameter n1: 1.4537539550240655
2023-02-03 16:32:52,770 - root - DEBUG - Lumerical_Analysis.py - set_lumerical_analysis_parameter - Setting analysis parameter n2: 1.4497539550240655
2023-02-03 16:32:52,871 - root - DEBUG - Lumerical_Analysis.py - set_lumerical_analysis_parameter - Setting analysis parameter bent waveguide: 0
2023-02-03 16:32:52,971 - root - INFO - Lumerical_Analysis.py - <module> - Finding Modes for wavelength:900nm, and bending radius: 0.0mm
2023-02-03 17:07:27,204 - root - DEBUG - Lumerical_Analysis.py - set_lumerical_analysis_parameter - Setting analysis parameter wavelength: 9e-07
2023-02-03 17:07:27,303 - root - DEBUG - Lumerical_Analysis.py - set_lumerical_analysis_parameter - Setting analysis parameter n1: 1.4537539550240655
2023-02-03 17:07:27,403 - root - DEBUG - Lumerical_Analysis.py - set_lumerical_analysis_parameter - Setting analysis parameter n2: 1.4497539550240655
2023-02-03 17:07:27,504 - root - DEBUG - Lumerical_Analysis.py - set_lumerical_analysis_parameter - Setting analysis parameter bent waveguide: 1
2023-02-03 17:07:27,604 - root - DEBUG - Lumerical_Analysis.py - set_lumerical_analysis_parameter - Setting analysis parameter bend radius: 0.1
2023-02-03 17:07:27,703 - root - INFO - Lumerical_Analysis.py - <module> - Finding Modes for wavelength:900nm, and bending radius: 100.0mm
2023-02-03 17:10:00,774 - root - DEBUG - Lumerical_Analysis.py - set_lumerical_analysis_parameter - Setting analysis parameter wavelength: 9e-07
2023-02-03 17:10:00,873 - root - DEBUG - Lumerical_Analysis.py - set_lumerical_analysis_parameter - Setting analysis parameter n1: 1.4537539550240655
2023-02-03 17:10:00,941 - root - DEBUG - Lumerical_Analysis.py - set_lumerical_analysis_parameter - Setting analysis parameter n2: 1.4497539550240655
2023-02-03 17:10:01,040 - root - DEBUG - Lumerical_Analysis.py - set_lumerical_analysis_parameter - Setting analysis parameter bent waveguide: 1
2023-02-03 17:10:01,139 - root - DEBUG - Lumerical_Analysis.py - set_lumerical_analysis_parameter - Setting analysis parameter bend radius: 0.05
2023-02-03 17:10:01,239 - root - INFO - Lumerical_Analysis.py - <module> - Finding Modes for wavelength:900nm, and bending radius: 50.0mm
2023-02-03 17:14:27,071 - root - DEBUG - Lumerical_Analysis.py - set_lumerical_analysis_parameter - Setting analysis parameter wavelength: 9e-07
2023-02-03 17:14:27,170 - root - DEBUG - Lumerical_Analysis.py - set_lumerical_analysis_parameter - Setting analysis parameter n1: 1.4537539550240655
2023-02-03 17:14:27,271 - root - DEBUG - Lumerical_Analysis.py - set_lumerical_analysis_parameter - Setting analysis parameter n2: 1.4497539550240655
2023-02-03 17:14:27,370 - root - DEBUG - Lumerical_Analysis.py - set_lumerical_analysis_parameter - Setting analysis parameter bent waveguide: 1
2023-02-03 17:14:27,470 - root - DEBUG - Lumerical_Analysis.py - set_lumerical_analysis_parameter - Setting analysis parameter bend radius: 0.025
2023-02-03 17:14:27,570 - root - INFO - Lumerical_Analysis.py - <module> - Finding Modes for wavelength:900nm, and bending radius: 25.0mm
2023-02-03 17:24:20,114 - root - DEBUG - Lumerical_Analysis.py - set_lumerical_analysis_parameter - Setting analysis parameter wavelength: 9e-07
2023-02-03 17:24:20,212 - root - DEBUG - Lumerical_Analysis.py - set_lumerical_analysis_parameter - Setting analysis parameter n1: 1.4537539550240655
2023-02-03 17:24:20,330 - root - DEBUG - Lumerical_Analysis.py - set_lumerical_analysis_parameter - Setting analysis parameter n2: 1.4497539550240655
2023-02-03 17:24:20,409 - root - DEBUG - Lumerical_Analysis.py - set_lumerical_analysis_parameter - Setting analysis parameter bent waveguide: 1
2023-02-03 17:24:20,514 - root - DEBUG - Lumerical_Analysis.py - set_lumerical_analysis_parameter - Setting analysis parameter bend radius: 0.01
2023-02-03 17:24:20,580 - root - INFO - Lumerical_Analysis.py - <module> - Finding Modes for wavelength:900nm, and bending radius: 10.0mm
2023-02-03 17:28:17,741 - root - DEBUG - Lumerical_Analysis.py - set_lumerical_named_parameter - Setting named parameter clad,index: 1.4510651315237548
2023-02-03 17:28:17,838 - root - DEBUG - Lumerical_Analysis.py - set_lumerical_named_parameter - Setting named parameter core,index: 1.4530651315237548
2023-02-03 17:28:17,912 - root - DEBUG - Lumerical_Analysis.py - set_lumerical_named_parameter - Setting named parameter ring,index: 1.446065131523755
2023-02-03 17:28:17,990 - root - DEBUG - Lumerical_Analysis.py - set_lumerical_named_parameter - Setting named parameter small_ring,index: 1.446065131523755
2023-02-03 17:28:18,069 - root - DEBUG - Lumerical_Analysis.py - <module> - Set n to 1.4510651315237548, for wavelength 950nm
2023-02-03 17:28:18,069 - root - DEBUG - Lumerical_Analysis.py - set_lumerical_analysis_parameter - Setting analysis parameter wavelength: 9.5e-07
2023-02-03 17:28:18,159 - root - DEBUG - Lumerical_Analysis.py - set_lumerical_analysis_parameter - Setting analysis parameter n1: 1.4530651315237548
2023-02-03 17:28:18,270 - root - DEBUG - Lumerical_Analysis.py - set_lumerical_analysis_parameter - Setting analysis parameter n2: 1.4490651315237548
2023-02-03 17:28:18,370 - root - DEBUG - Lumerical_Analysis.py - set_lumerical_analysis_parameter - Setting analysis parameter bent waveguide: 0
2023-02-03 17:28:18,472 - root - INFO - Lumerical_Analysis.py - <module> - Finding Modes for wavelength:950nm, and bending radius: 0.0mm
2023-02-03 17:39:48,605 - root - DEBUG - Lumerical_Analysis.py - set_lumerical_analysis_parameter - Setting analysis parameter wavelength: 9.5e-07
2023-02-03 17:39:48,703 - root - DEBUG - Lumerical_Analysis.py - set_lumerical_analysis_parameter - Setting analysis parameter n1: 1.4530651315237548
2023-02-03 17:39:48,803 - root - DEBUG - Lumerical_Analysis.py - set_lumerical_analysis_parameter - Setting analysis parameter n2: 1.4490651315237548
2023-02-03 17:39:48,904 - root - DEBUG - Lumerical_Analysis.py - set_lumerical_analysis_parameter - Setting analysis parameter bent waveguide: 1
2023-02-03 17:39:49,004 - root - DEBUG - Lumerical_Analysis.py - set_lumerical_analysis_parameter - Setting analysis parameter bend radius: 0.1
2023-02-03 17:39:49,103 - root - INFO - Lumerical_Analysis.py - <module> - Finding Modes for wavelength:950nm, and bending radius: 100.0mm
2023-02-03 17:43:34,792 - root - DEBUG - Lumerical_Analysis.py - set_lumerical_analysis_parameter - Setting analysis parameter wavelength: 9.5e-07
2023-02-03 17:43:34,891 - root - DEBUG - Lumerical_Analysis.py - set_lumerical_analysis_parameter - Setting analysis parameter n1: 1.4530651315237548
2023-02-03 17:43:34,991 - root - DEBUG - Lumerical_Analysis.py - set_lumerical_analysis_parameter - Setting analysis parameter n2: 1.4490651315237548
2023-02-03 17:43:35,090 - root - DEBUG - Lumerical_Analysis.py - set_lumerical_analysis_parameter - Setting analysis parameter bent waveguide: 1
2023-02-03 17:43:35,191 - root - DEBUG - Lumerical_Analysis.py - set_lumerical_analysis_parameter - Setting analysis parameter bend radius: 0.05
2023-02-03 17:43:35,290 - root - INFO - Lumerical_Analysis.py - <module> - Finding Modes for wavelength:950nm, and bending radius: 50.0mm
2023-02-03 17:46:47,005 - root - DEBUG - Lumerical_Analysis.py - set_lumerical_analysis_parameter - Setting analysis parameter wavelength: 9.5e-07
2023-02-03 17:46:47,104 - root - DEBUG - Lumerical_Analysis.py - set_lumerical_analysis_parameter - Setting analysis parameter n1: 1.4530651315237548
2023-02-03 17:46:47,203 - root - DEBUG - Lumerical_Analysis.py - set_lumerical_analysis_parameter - Setting analysis parameter n2: 1.4490651315237548
2023-02-03 17:46:47,304 - root - DEBUG - Lumerical_Analysis.py - set_lumerical_analysis_parameter - Setting analysis parameter bent waveguide: 1
2023-02-03 17:46:47,404 - root - DEBUG - Lumerical_Analysis.py - set_lumerical_analysis_parameter - Setting analysis parameter bend radius: 0.025
2023-02-03 17:46:47,503 - root - INFO - Lumerical_Analysis.py - <module> - Finding Modes for wavelength:950nm, and bending radius: 25.0mm
2023-02-03 17:52:14,983 - root - DEBUG - Lumerical_Analysis.py - set_lumerical_analysis_parameter - Setting analysis parameter wavelength: 9.5e-07
2023-02-03 17:52:15,048 - root - DEBUG - Lumerical_Analysis.py - set_lumerical_analysis_parameter - Setting analysis parameter n1: 1.4530651315237548
2023-02-03 17:52:15,149 - root - DEBUG - Lumerical_Analysis.py - set_lumerical_analysis_parameter - Setting analysis parameter n2: 1.4490651315237548
2023-02-03 17:52:15,249 - root - DEBUG - Lumerical_Analysis.py - set_lumerical_analysis_parameter - Setting analysis parameter bent waveguide: 1
2023-02-03 17:52:15,351 - root - DEBUG - Lumerical_Analysis.py - set_lumerical_analysis_parameter - Setting analysis parameter bend radius: 0.01
2023-02-03 17:52:15,449 - root - INFO - Lumerical_Analysis.py - <module> - Finding Modes for wavelength:950nm, and bending radius: 10.0mm
2023-02-03 17:58:07,904 - root - DEBUG - Lumerical_Analysis.py - set_lumerical_named_parameter - Setting named parameter clad,index: 1.450417409406875
2023-02-03 17:58:08,000 - root - DEBUG - Lumerical_Analysis.py - set_lumerical_named_parameter - Setting named parameter core,index: 1.452417409406875
2023-02-03 17:58:08,071 - root - DEBUG - Lumerical_Analysis.py - set_lumerical_named_parameter - Setting named parameter ring,index: 1.445417409406875
2023-02-03 17:58:08,148 - root - DEBUG - Lumerical_Analysis.py - set_lumerical_named_parameter - Setting named parameter small_ring,index: 1.445417409406875
2023-02-03 17:58:08,227 - root - DEBUG - Lumerical_Analysis.py - <module> - Set n to 1.450417409406875, for wavelength 1000nm
2023-02-03 17:58:08,227 - root - DEBUG - Lumerical_Analysis.py - set_lumerical_analysis_parameter - Setting analysis parameter wavelength: 1e-06
2023-02-03 17:58:08,317 - root - DEBUG - Lumerical_Analysis.py - set_lumerical_analysis_parameter - Setting analysis parameter n1: 1.452417409406875
2023-02-03 17:58:08,401 - root - DEBUG - Lumerical_Analysis.py - set_lumerical_analysis_parameter - Setting analysis parameter n2: 1.448417409406875
2023-02-03 17:58:08,534 - root - DEBUG - Lumerical_Analysis.py - set_lumerical_analysis_parameter - Setting analysis parameter bent waveguide: 0
2023-02-03 17:58:08,635 - root - INFO - Lumerical_Analysis.py - <module> - Finding Modes for wavelength:1000nm, and bending radius: 0.0mm
2023-02-03 18:16:11,631 - root - DEBUG - Lumerical_Analysis.py - set_lumerical_analysis_parameter - Setting analysis parameter wavelength: 1e-06
2023-02-03 18:16:11,728 - root - DEBUG - Lumerical_Analysis.py - set_lumerical_analysis_parameter - Setting analysis parameter n1: 1.452417409406875
2023-02-03 18:16:11,827 - root - DEBUG - Lumerical_Analysis.py - set_lumerical_analysis_parameter - Setting analysis parameter n2: 1.448417409406875
2023-02-03 18:16:11,928 - root - DEBUG - Lumerical_Analysis.py - set_lumerical_analysis_parameter - Setting analysis parameter bent waveguide: 1
2023-02-03 18:16:12,029 - root - DEBUG - Lumerical_Analysis.py - set_lumerical_analysis_parameter - Setting analysis parameter bend radius: 0.1
2023-02-03 18:16:12,128 - root - INFO - Lumerical_Analysis.py - <module> - Finding Modes for wavelength:1000nm, and bending radius: 100.0mm
2023-02-03 18:19:24,175 - root - DEBUG - Lumerical_Analysis.py - set_lumerical_analysis_parameter - Setting analysis parameter wavelength: 1e-06
2023-02-03 18:19:24,274 - root - DEBUG - Lumerical_Analysis.py - set_lumerical_analysis_parameter - Setting analysis parameter n1: 1.452417409406875
2023-02-03 18:19:24,375 - root - DEBUG - Lumerical_Analysis.py - set_lumerical_analysis_parameter - Setting analysis parameter n2: 1.448417409406875
2023-02-03 18:19:24,474 - root - DEBUG - Lumerical_Analysis.py - set_lumerical_analysis_parameter - Setting analysis parameter bent waveguide: 1
2023-02-03 18:19:24,574 - root - DEBUG - Lumerical_Analysis.py - set_lumerical_analysis_parameter - Setting analysis parameter bend radius: 0.05
2023-02-03 18:19:24,674 - root - INFO - Lumerical_Analysis.py - <module> - Finding Modes for wavelength:1000nm, and bending radius: 50.0mm
2023-02-03 18:22:44,323 - root - DEBUG - Lumerical_Analysis.py - set_lumerical_analysis_parameter - Setting analysis parameter wavelength: 1e-06
2023-02-03 18:22:44,422 - root - DEBUG - Lumerical_Analysis.py - set_lumerical_analysis_parameter - Setting analysis parameter n1: 1.452417409406875
2023-02-03 18:22:44,523 - root - DEBUG - Lumerical_Analysis.py - set_lumerical_analysis_parameter - Setting analysis parameter n2: 1.448417409406875
2023-02-03 18:22:44,623 - root - DEBUG - Lumerical_Analysis.py - set_lumerical_analysis_parameter - Setting analysis parameter bent waveguide: 1
2023-02-03 18:22:44,689 - root - DEBUG - Lumerical_Analysis.py - set_lumerical_analysis_parameter - Setting analysis parameter bend radius: 0.025
2023-02-03 18:22:44,789 - root - INFO - Lumerical_Analysis.py - <module> - Finding Modes for wavelength:1000nm, and bending radius: 25.0mm
2023-02-03 18:27:28,425 - root - DEBUG - Lumerical_Analysis.py - set_lumerical_analysis_parameter - Setting analysis parameter wavelength: 1e-06
2023-02-03 18:27:28,524 - root - DEBUG - Lumerical_Analysis.py - set_lumerical_analysis_parameter - Setting analysis parameter n1: 1.452417409406875
2023-02-03 18:27:28,624 - root - DEBUG - Lumerical_Analysis.py - set_lumerical_analysis_parameter - Setting analysis parameter n2: 1.448417409406875
2023-02-03 18:27:28,724 - root - DEBUG - Lumerical_Analysis.py - set_lumerical_analysis_parameter - Setting analysis parameter bent waveguide: 1
2023-02-03 18:27:28,824 - root - DEBUG - Lumerical_Analysis.py - set_lumerical_analysis_parameter - Setting analysis parameter bend radius: 0.01
2023-02-03 18:27:28,924 - root - INFO - Lumerical_Analysis.py - <module> - Finding Modes for wavelength:1000nm, and bending radius: 10.0mm
2023-02-03 18:33:34,413 - root - DEBUG - Lumerical_Analysis.py - set_lumerical_named_parameter - Setting named parameter clad,index: 1.4497997593262841
2023-02-03 18:33:34,513 - root - DEBUG - Lumerical_Analysis.py - set_lumerical_named_parameter - Setting named parameter core,index: 1.4517997593262841
2023-02-03 18:33:34,585 - root - DEBUG - Lumerical_Analysis.py - set_lumerical_named_parameter - Setting named parameter ring,index: 1.4447997593262842
2023-02-03 18:33:34,662 - root - DEBUG - Lumerical_Analysis.py - set_lumerical_named_parameter - Setting named parameter small_ring,index: 1.4447997593262842
2023-02-03 18:33:34,739 - root - DEBUG - Lumerical_Analysis.py - <module> - Set n to 1.4497997593262841, for wavelength 1050nm
2023-02-03 18:33:34,739 - root - DEBUG - Lumerical_Analysis.py - set_lumerical_analysis_parameter - Setting analysis parameter wavelength: 1.05e-06
2023-02-03 18:33:34,826 - root - DEBUG - Lumerical_Analysis.py - set_lumerical_analysis_parameter - Setting analysis parameter n1: 1.4517997593262841
2023-02-03 18:33:34,911 - root - DEBUG - Lumerical_Analysis.py - set_lumerical_analysis_parameter - Setting analysis parameter n2: 1.4477997593262841
2023-02-03 18:33:35,045 - root - DEBUG - Lumerical_Analysis.py - set_lumerical_analysis_parameter - Setting analysis parameter bent waveguide: 0
2023-02-03 18:33:35,146 - root - INFO - Lumerical_Analysis.py - <module> - Finding Modes for wavelength:1050nm, and bending radius: 0.0mm
2023-02-03 19:03:40,347 - root - DEBUG - Lumerical_Analysis.py - set_lumerical_analysis_parameter - Setting analysis parameter wavelength: 1.05e-06
2023-02-03 19:03:40,447 - root - DEBUG - Lumerical_Analysis.py - set_lumerical_analysis_parameter - Setting analysis parameter n1: 1.4517997593262841
2023-02-03 19:03:40,545 - root - DEBUG - Lumerical_Analysis.py - set_lumerical_analysis_parameter - Setting analysis parameter n2: 1.4477997593262841
2023-02-03 19:03:40,646 - root - DEBUG - Lumerical_Analysis.py - set_lumerical_analysis_parameter - Setting analysis parameter bent waveguide: 1
2023-02-03 19:03:40,746 - root - DEBUG - Lumerical_Analysis.py - set_lumerical_analysis_parameter - Setting analysis parameter bend radius: 0.1
2023-02-03 19:03:40,846 - root - INFO - Lumerical_Analysis.py - <module> - Finding Modes for wavelength:1050nm, and bending radius: 100.0mm
2023-02-03 19:10:02,606 - root - DEBUG - Lumerical_Analysis.py - set_lumerical_analysis_parameter - Setting analysis parameter wavelength: 1.05e-06
2023-02-03 19:10:02,705 - root - DEBUG - Lumerical_Analysis.py - set_lumerical_analysis_parameter - Setting analysis parameter n1: 1.4517997593262841
2023-02-03 19:10:02,804 - root - DEBUG - Lumerical_Analysis.py - set_lumerical_analysis_parameter - Setting analysis parameter n2: 1.4477997593262841
2023-02-03 19:10:02,904 - root - DEBUG - Lumerical_Analysis.py - set_lumerical_analysis_parameter - Setting analysis parameter bent waveguide: 1
2023-02-03 19:10:03,004 - root - DEBUG - Lumerical_Analysis.py - set_lumerical_analysis_parameter - Setting analysis parameter bend radius: 0.05
2023-02-03 19:10:03,104 - root - INFO - Lumerical_Analysis.py - <module> - Finding Modes for wavelength:1050nm, and bending radius: 50.0mm
2023-02-03 19:14:10,033 - root - DEBUG - Lumerical_Analysis.py - set_lumerical_analysis_parameter - Setting analysis parameter wavelength: 1.05e-06
2023-02-03 19:14:10,131 - root - DEBUG - Lumerical_Analysis.py - set_lumerical_analysis_parameter - Setting analysis parameter n1: 1.4517997593262841
2023-02-03 19:14:10,231 - root - DEBUG - Lumerical_Analysis.py - set_lumerical_analysis_parameter - Setting analysis parameter n2: 1.4477997593262841
2023-02-03 19:14:10,330 - root - DEBUG - Lumerical_Analysis.py - set_lumerical_analysis_parameter - Setting analysis parameter bent waveguide: 1
2023-02-03 19:14:10,430 - root - DEBUG - Lumerical_Analysis.py - set_lumerical_analysis_parameter - Setting analysis parameter bend radius: 0.025
2023-02-03 19:14:10,530 - root - INFO - Lumerical_Analysis.py - <module> - Finding Modes for wavelength:1050nm, and bending radius: 25.0mm
2023-02-03 19:20:20,605 - root - DEBUG - Lumerical_Analysis.py - set_lumerical_analysis_parameter - Setting analysis parameter wavelength: 1.05e-06
2023-02-03 19:20:20,720 - root - DEBUG - Lumerical_Analysis.py - set_lumerical_analysis_parameter - Setting analysis parameter n1: 1.4517997593262841
2023-02-03 19:20:20,820 - root - DEBUG - Lumerical_Analysis.py - set_lumerical_analysis_parameter - Setting analysis parameter n2: 1.4477997593262841
2023-02-03 19:20:20,920 - root - DEBUG - Lumerical_Analysis.py - set_lumerical_analysis_parameter - Setting analysis parameter bent waveguide: 1
2023-02-03 19:20:21,019 - root - DEBUG - Lumerical_Analysis.py - set_lumerical_analysis_parameter - Setting analysis parameter bend radius: 0.01
2023-02-03 19:20:21,120 - root - INFO - Lumerical_Analysis.py - <module> - Finding Modes for wavelength:1050nm, and bending radius: 10.0mm
